-------------------------------------------------------------------------------
Test set: BoardInfoRepositoryTest
-------------------------------------------------------------------------------
Tests run: 1, Failures: 0, Errors: 1, Skipped: 0, Time elapsed: 11.783 s <<< FAILURE! - in BoardInfoRepositoryTest
read  Time elapsed: 0 s  <<< ERROR!
java.lang.IllegalStateException: Failed to load ApplicationContext
Caused by: org.springframework.beans.factory.UnsatisfiedDependencyException: Error creating bean with name 'boardInfoApiController' defined in file [C:\Users\이예진\IdeaProjects\demo\board_project\target\classes\com\example\board_project\controller\api\BoardInfoApiController.class]: Unsatisfied dependency expressed through constructor parameter 0; nested exception is org.springframework.beans.factory.UnsatisfiedDependencyException: Error creating bean with name 'boardInfoApiLogicService' defined in file [C:\Users\이예진\IdeaProjects\demo\board_project\target\classes\com\example\board_project\service\BoardInfoApiLogicService.class]: Unsatisfied dependency expressed through constructor parameter 0; nested exception is org.springframework.beans.factory.BeanCreationException: Error creating bean with name 'boardInfoRepository': Invocation of init method failed; nested exception is java.lang.NoSuchMethodError: org.springframework.data.util.TypeInformation.getUserTypeInformation()Lorg/springframework/data/util/TypeInformation;
Caused by: org.springframework.beans.factory.UnsatisfiedDependencyException: Error creating bean with name 'boardInfoApiLogicService' defined in file [C:\Users\이예진\IdeaProjects\demo\board_project\target\classes\com\example\board_project\service\BoardInfoApiLogicService.class]: Unsatisfied dependency expressed through constructor parameter 0; nested exception is org.springframework.beans.factory.BeanCreationException: Error creating bean with name 'boardInfoRepository': Invocation of init method failed; nested exception is java.lang.NoSuchMethodError: org.springframework.data.util.TypeInformation.getUserTypeInformation()Lorg/springframework/data/util/TypeInformation;
Caused by: org.springframework.beans.factory.BeanCreationException: Error creating bean with name 'boardInfoRepository': Invocation of init method failed; nested exception is java.lang.NoSuchMethodError: org.springframework.data.util.TypeInformation.getUserTypeInformation()Lorg/springframework/data/util/TypeInformation;
Caused by: java.lang.NoSuchMethodError: org.springframework.data.util.TypeInformation.getUserTypeInformation()Lorg/springframework/data/util/TypeInformation;

